<?xml version="1.0" encoding="UTF-8"?>
<!-- Generated by org.testng.reporters.JUnitXMLReporter -->
<testsuite hostname="DESKTOP-RJEDM94" ignored="0" name="Test" tests="15" failures="0" timestamp="2021-11-20T17:24:10 IST" time="78.025" errors="0">
  <testcase name="clickingSearchBarIcon" time="0.908" classname="com.mindtree.pageobjects.HomePage"/>
  <testcase name="searchBarByEnterKey" time="2.842" classname="com.mindtree.pageobjects.HomePage"/>
  <testcase name="personalizedGifts" time="3.536" classname="com.mindtree.pageobjects.HomePage"/>
  <testcase name="newModule" time="3.576" classname="com.mindtree.pageobjects.HomePage"/>
  <testcase name="topFiftyModule" time="5.894" classname="com.mindtree.pageobjects.HomePage"/>
  <testcase name="christmasGifts" time="4.097" classname="com.mindtree.pageobjects.HomePage"/>
  <testcase name="secretChristmasGifts" time="3.336" classname="com.mindtree.pageobjects.HomePage"/>
  <testcase name="allOfIt" time="3.44" classname="com.mindtree.pageobjects.HomePage"/>
  <testcase name="giftCards" time="3.048" classname="com.mindtree.pageobjects.HomePage"/>
  <testcase name="wishList" time="3.66" classname="com.mindtree.pageobjects.HomePage"/>
  <testcase name="RegisterWith_InvalidEmail" time="5.906" classname="com.mindtree.pageobjects.LoginPage"/>
  <testcase name="RegisterWith_InvalidEmail" time="5.308" classname="com.mindtree.pageobjects.LoginPage"/>
  <testcase name="RegisterWith_InvalidEmail" time="5.444" classname="com.mindtree.pageobjects.LoginPage"/>
  <testcase name="loginWithEmptyDetails" time="3.6" classname="com.mindtree.pageobjects.LoginPage"/>
  <testcase name="loginWithUserRegisteredDetails" time="6.046" classname="com.mindtree.pageobjects.LoginPage"/>
</testsuite> <!-- Test -->
